<component name="libraryTable">
  <library name="junit5-rt">
    <CLASSES />
    <JAVADOC />
    <SOURCES />
  </library>
</component>